<?xml version="1.0" encoding="UTF-8"?>
<testsuite name="com.example.demo.JobDataApplicationTests" tests="8" skipped="0" failures="0" errors="0" timestamp="2023-04-16T08:02:45" hostname="Thanawats-MacBook-Pro.local" time="1.376">
  <properties/>
  <testcase name="testGetJobs_param_sort_with_type()" classname="com.example.demo.JobDataApplicationTests" time="0.976"/>
  <testcase name="testGetJobs_param_gender()" classname="com.example.demo.JobDataApplicationTests" time="0.031"/>
  <testcase name="testGetJobs_no_params()" classname="com.example.demo.JobDataApplicationTests" time="0.017"/>
  <testcase name="testGetJobs_param_jobTitle()" classname="com.example.demo.JobDataApplicationTests" time="0.039"/>
  <testcase name="testGetJobs_param_field_selections()" classname="com.example.demo.JobDataApplicationTests" time="0.027"/>
  <testcase name="testGetJobs_param_pagination()" classname="com.example.demo.JobDataApplicationTests" time="0.159"/>
  <testcase name="testGetJobs_param_salary_with_sign()" classname="com.example.demo.JobDataApplicationTests" time="0.058"/>
  <testcase name="testGetJobs_param_salary_no_sign()" classname="com.example.demo.JobDataApplicationTests" time="0.016"/>
  <system-out><![CDATA[15:02:34.416 [Test worker] DEBUG org.springframework.test.context.BootstrapUtils - Instantiating CacheAwareContextLoaderDelegate from class [org.springframework.test.context.cache.DefaultCacheAwareContextLoaderDelegate]
15:02:34.475 [Test worker] DEBUG org.springframework.test.context.BootstrapUtils - Instantiating BootstrapContext using constructor [public org.springframework.test.context.support.DefaultBootstrapContext(java.lang.Class,org.springframework.test.context.CacheAwareContextLoaderDelegate)]
15:02:34.537 [Test worker] DEBUG org.springframework.test.context.BootstrapUtils - Instantiating TestContextBootstrapper for test class [com.example.demo.JobDataApplicationTests] from class [org.springframework.boot.test.context.SpringBootTestContextBootstrapper]
15:02:34.550 [Test worker] INFO org.springframework.boot.test.context.SpringBootTestContextBootstrapper - Neither @ContextConfiguration nor @ContextHierarchy found for test class [com.example.demo.JobDataApplicationTests], using SpringBootContextLoader
15:02:34.556 [Test worker] DEBUG org.springframework.test.context.support.AbstractContextLoader - Did not detect default resource location for test class [com.example.demo.JobDataApplicationTests]: class path resource [com/example/demo/JobDataApplicationTests-context.xml] does not exist
15:02:34.556 [Test worker] DEBUG org.springframework.test.context.support.AbstractContextLoader - Did not detect default resource location for test class [com.example.demo.JobDataApplicationTests]: class path resource [com/example/demo/JobDataApplicationTestsContext.groovy] does not exist
15:02:34.557 [Test worker] INFO org.springframework.test.context.support.AbstractContextLoader - Could not detect default resource locations for test class [com.example.demo.JobDataApplicationTests]: no resource found for suffixes {-context.xml, Context.groovy}.
15:02:34.629 [Test worker] DEBUG org.springframework.test.context.support.ActiveProfilesUtils - Could not find an 'annotation declaring class' for annotation type [org.springframework.test.context.ActiveProfiles] and class [com.example.demo.JobDataApplicationTests]
15:02:34.783 [Test worker] DEBUG org.springframework.boot.test.context.SpringBootTestContextBootstrapper - @TestExecutionListeners is not present for class [com.example.demo.JobDataApplicationTests]: using defaults.
15:02:34.784 [Test worker] INFO org.springframework.boot.test.context.SpringBootTestContextBootstrapper - Loaded default TestExecutionListener class names from location [META-INF/spring.factories]: [org.springframework.boot.test.autoconfigure.restdocs.RestDocsTestExecutionListener, org.springframework.boot.test.autoconfigure.web.client.MockRestServiceServerResetTestExecutionListener, org.springframework.boot.test.autoconfigure.web.servlet.MockMvcPrintOnlyOnFailureTestExecutionListener, org.springframework.boot.test.autoconfigure.web.servlet.WebDriverTestExecutionListener, org.springframework.boot.test.autoconfigure.webservices.client.MockWebServiceServerTestExecutionListener, org.springframework.boot.test.mock.mockito.MockitoTestExecutionListener, org.springframework.boot.test.mock.mockito.ResetMocksTestExecutionListener, org.springframework.test.context.web.ServletTestExecutionListener, org.springframework.test.context.support.DirtiesContextBeforeModesTestExecutionListener, org.springframework.test.context.event.ApplicationEventsTestExecutionListener, org.springframework.test.context.support.DependencyInjectionTestExecutionListener, org.springframework.test.context.support.DirtiesContextTestExecutionListener, org.springframework.test.context.transaction.TransactionalTestExecutionListener, org.springframework.test.context.jdbc.SqlScriptsTestExecutionListener, org.springframework.test.context.event.EventPublishingTestExecutionListener]
15:02:34.794 [Test worker] DEBUG org.springframework.boot.test.context.SpringBootTestContextBootstrapper - Skipping candidate TestExecutionListener [org.springframework.test.context.transaction.TransactionalTestExecutionListener] due to a missing dependency. Specify custom listener classes or make the default listener classes and their required dependencies available. Offending class: [org/springframework/transaction/TransactionDefinition]
15:02:34.795 [Test worker] DEBUG org.springframework.boot.test.context.SpringBootTestContextBootstrapper - Skipping candidate TestExecutionListener [org.springframework.test.context.jdbc.SqlScriptsTestExecutionListener] due to a missing dependency. Specify custom listener classes or make the default listener classes and their required dependencies available. Offending class: [org/springframework/transaction/interceptor/TransactionAttribute]
15:02:34.795 [Test worker] INFO org.springframework.boot.test.context.SpringBootTestContextBootstrapper - Using TestExecutionListeners: [org.springframework.test.context.web.ServletTestExecutionListener@74f7d1d2, org.springframework.test.context.support.DirtiesContextBeforeModesTestExecutionListener@4b4dd216, org.springframework.test.context.event.ApplicationEventsTestExecutionListener@5ca17ab0, org.springframework.boot.test.mock.mockito.MockitoTestExecutionListener@5a62b2a4, org.springframework.boot.test.autoconfigure.SpringBootDependencyInjectionTestExecutionListener@1051817b, org.springframework.test.context.support.DirtiesContextTestExecutionListener@35293c05, org.springframework.test.context.event.EventPublishingTestExecutionListener@620aa4ea, org.springframework.boot.test.autoconfigure.restdocs.RestDocsTestExecutionListener@2db2dd9d, org.springframework.boot.test.autoconfigure.web.client.MockRestServiceServerResetTestExecutionListener@3174cb09, org.springframework.boot.test.autoconfigure.web.servlet.MockMvcPrintOnlyOnFailureTestExecutionListener@4d411036, org.springframework.boot.test.autoconfigure.web.servlet.WebDriverTestExecutionListener@7adbd080, org.springframework.boot.test.autoconfigure.webservices.client.MockWebServiceServerTestExecutionListener@41beb473, org.springframework.boot.test.mock.mockito.ResetMocksTestExecutionListener@560513ce]
15:02:34.799 [Test worker] DEBUG org.springframework.test.context.support.AbstractDirtiesContextTestExecutionListener - Before test class: context [DefaultTestContext@5769e7ae testClass = JobDataApplicationTests, testInstance = [null], testMethod = [null], testException = [null], mergedContextConfiguration = [WebMergedContextConfiguration@5c77053b testClass = JobDataApplicationTests, locations = '{}', classes = '{class com.example.JobData.JobDataApplication}', contextInitializerClasses = '[]', activeProfiles = '{}', propertySourceLocations = '{}', propertySourceProperties = '{org.springframework.boot.test.context.SpringBootTestContextBootstrapper=true}', contextCustomizers = set[org.springframework.boot.test.autoconfigure.actuate.metrics.MetricsExportContextCustomizerFactory$DisableMetricExportContextCustomizer@1a7288a3, org.springframework.boot.test.autoconfigure.properties.PropertyMappingContextCustomizer@4b3fa0b3, org.springframework.boot.test.autoconfigure.web.servlet.WebDriverContextCustomizerFactory$Customizer@3382f8ae, [ImportsContextCustomizer@26b894bd key = [org.springframework.boot.test.autoconfigure.web.servlet.MockMvcAutoConfiguration, org.springframework.boot.test.autoconfigure.web.servlet.MockMvcWebClientAutoConfiguration, org.springframework.boot.test.autoconfigure.web.servlet.MockMvcWebDriverAutoConfiguration, org.springframework.boot.autoconfigure.security.oauth2.client.servlet.OAuth2ClientAutoConfiguration, org.springframework.boot.autoconfigure.security.oauth2.resource.servlet.OAuth2ResourceServerAutoConfiguration, org.springframework.boot.autoconfigure.security.servlet.SecurityAutoConfiguration, org.springframework.boot.autoconfigure.security.servlet.SecurityFilterAutoConfiguration, org.springframework.boot.autoconfigure.security.servlet.UserDetailsServiceAutoConfiguration, org.springframework.boot.test.autoconfigure.web.servlet.MockMvcSecurityConfiguration, org.springframework.boot.test.autoconfigure.web.reactive.WebTestClientAutoConfiguration]], org.springframework.boot.test.context.filter.ExcludeFilterContextCustomizer@ed3068a, org.springframework.boot.test.json.DuplicateJsonObjectContextCustomizerFactory$DuplicateJsonObjectContextCustomizer@3b77a04f, org.springframework.boot.test.mock.mockito.MockitoContextCustomizer@0, org.springframework.boot.test.web.client.TestRestTemplateContextCustomizer@a4b2d8f, org.springframework.boot.test.context.SpringBootTestArgs@1, org.springframework.boot.test.context.SpringBootTestWebEnvironment@7d7758be], resourceBasePath = 'src/main/webapp', contextLoader = 'org.springframework.boot.test.context.SpringBootContextLoader', parent = [null]], attributes = map['org.springframework.test.context.web.ServletTestExecutionListener.activateListener' -> true]], class annotated with @DirtiesContext [false] with mode [null].

  .   ____          _            __ _ _
 /\\ / ___'_ __ _ _(_)_ __  __ _ \ \ \ \
( ( )\___ | '_ | '_| | '_ \/ _` | \ \ \ \
 \\/  ___)| |_)| | | | | || (_| |  ) ) ) )
  '  |____| .__|_| |_|_| |_\__, | / / / /
 =========|_|==============|___/=/_/_/_/
 :: Spring Boot ::                (v2.7.1)

2023-04-16 15:02:40.407  INFO 22926 --- [    Test worker] c.example.demo.JobDataApplicationTests   : Starting JobDataApplicationTests using Java 11.0.13 on Thanawats-MacBook-Pro.local with PID 22926 (started by thanawat.suk in /Users/thanawat.suk/Downloads/company-api)
2023-04-16 15:02:40.409  INFO 22926 --- [    Test worker] c.example.demo.JobDataApplicationTests   : No active profile set, falling back to 1 default profile: "default"
2023-04-16 15:02:42.430  INFO 22926 --- [    Test worker] c.e.J.Repository.JobDataRepository       : Job Data loaded successfully
2023-04-16 15:02:43.629  INFO 22926 --- [    Test worker] pertySourcedRequestMappingHandlerMapping : Mapped URL path [/v2/api-docs] onto method [springfox.documentation.swagger2.web.Swagger2Controller#getDocumentation(String, HttpServletRequest)]
2023-04-16 15:02:44.605  INFO 22926 --- [    Test worker] o.s.b.t.m.w.SpringBootMockServletContext : Initializing Spring TestDispatcherServlet ''
2023-04-16 15:02:44.606  INFO 22926 --- [    Test worker] o.s.t.web.servlet.TestDispatcherServlet  : Initializing Servlet ''
2023-04-16 15:02:44.611  INFO 22926 --- [    Test worker] o.s.t.web.servlet.TestDispatcherServlet  : Completed initialization in 5 ms
2023-04-16 15:02:44.660  INFO 22926 --- [    Test worker] d.s.w.p.DocumentationPluginsBootstrapper : Context refreshed
2023-04-16 15:02:44.682  INFO 22926 --- [    Test worker] d.s.w.p.DocumentationPluginsBootstrapper : Found 1 custom documentation plugin(s)
2023-04-16 15:02:44.716  INFO 22926 --- [    Test worker] s.d.s.w.s.ApiListingReferenceScanner     : Scanning for api listing references
2023-04-16 15:02:44.894  INFO 22926 --- [    Test worker] c.example.demo.JobDataApplicationTests   : Started JobDataApplicationTests in 10.039 seconds (JVM running for 11.761)
]]></system-out>
  <system-err><![CDATA[]]></system-err>
</testsuite>
